C:\USERS\ALEJANDRO\DESKTOP\THE UNTITLED PROJECT V0.2 SOURCE\FW\FRAMEWORK.LIB
C:\USERS\ALEJANDRO\DESKTOP\THE UNTITLED PROJECT V0.2 SOURCE\FW\WIN32RELEASE\FWAPPLICATION.OBJ
C:\USERS\ALEJANDRO\DESKTOP\THE UNTITLED PROJECT V0.2 SOURCE\FW\WIN32RELEASE\FWCAMERA.OBJ
C:\USERS\ALEJANDRO\DESKTOP\THE UNTITLED PROJECT V0.2 SOURCE\FW\WIN32RELEASE\FWDEBUGCONSOLE.OBJ
C:\USERS\ALEJANDRO\DESKTOP\THE UNTITLED PROJECT V0.2 SOURCE\FW\WIN32RELEASE\FWDEBUGFONT.OBJ
C:\USERS\ALEJANDRO\DESKTOP\THE UNTITLED PROJECT V0.2 SOURCE\FW\WIN32RELEASE\FWDEBUGFONTRENDERER.OBJ
C:\USERS\ALEJANDRO\DESKTOP\THE UNTITLED PROJECT V0.2 SOURCE\FW\WIN32RELEASE\FWDISPLAYINFO.OBJ
C:\USERS\ALEJANDRO\DESKTOP\THE UNTITLED PROJECT V0.2 SOURCE\FW\WIN32RELEASE\FWGLAPPLICATION.OBJ
C:\USERS\ALEJANDRO\DESKTOP\THE UNTITLED PROJECT V0.2 SOURCE\FW\WIN32RELEASE\FWGLCAMAPPLICATION.OBJ
C:\USERS\ALEJANDRO\DESKTOP\THE UNTITLED PROJECT V0.2 SOURCE\FW\WIN32RELEASE\FWGLCAMCONTROLAPPLICATION.OBJ
C:\USERS\ALEJANDRO\DESKTOP\THE UNTITLED PROJECT V0.2 SOURCE\FW\WIN32RELEASE\FWGLDEBUGFONTRENDERER.OBJ
C:\USERS\ALEJANDRO\DESKTOP\THE UNTITLED PROJECT V0.2 SOURCE\FW\WIN32RELEASE\FWGLEXTENSIONS.OBJ
C:\USERS\ALEJANDRO\DESKTOP\THE UNTITLED PROJECT V0.2 SOURCE\FW\WIN32RELEASE\FWGLGRID.OBJ
C:\USERS\ALEJANDRO\DESKTOP\THE UNTITLED PROJECT V0.2 SOURCE\FW\WIN32RELEASE\FWINPUT.OBJ
C:\USERS\ALEJANDRO\DESKTOP\THE UNTITLED PROJECT V0.2 SOURCE\FW\WIN32RELEASE\FWNULLAPPLICATION.OBJ
C:\USERS\ALEJANDRO\DESKTOP\THE UNTITLED PROJECT V0.2 SOURCE\FW\WIN32RELEASE\FWNULLDEBUGFONTRENDERER.OBJ
C:\USERS\ALEJANDRO\DESKTOP\THE UNTITLED PROJECT V0.2 SOURCE\FW\WIN32RELEASE\FWNULLWINDOW.OBJ
C:\USERS\ALEJANDRO\DESKTOP\THE UNTITLED PROJECT V0.2 SOURCE\FW\WIN32RELEASE\FWWIN32GLEXTENSIONS.OBJ
C:\USERS\ALEJANDRO\DESKTOP\THE UNTITLED PROJECT V0.2 SOURCE\FW\WIN32RELEASE\FWWIN32GLWINDOW.OBJ
C:\USERS\ALEJANDRO\DESKTOP\THE UNTITLED PROJECT V0.2 SOURCE\FW\WIN32RELEASE\FWWIN32INPUT.OBJ
C:\USERS\ALEJANDRO\DESKTOP\THE UNTITLED PROJECT V0.2 SOURCE\FW\WIN32RELEASE\FWWIN32MAIN.OBJ
C:\USERS\ALEJANDRO\DESKTOP\THE UNTITLED PROJECT V0.2 SOURCE\FW\WIN32RELEASE\FWWIN32TIME.OBJ
C:\USERS\ALEJANDRO\DESKTOP\THE UNTITLED PROJECT V0.2 SOURCE\FW\WIN32RELEASE\FWWINDOW.OBJ
C:\USERS\ALEJANDRO\DESKTOP\THE UNTITLED PROJECT V0.2 SOURCE\FW\WIN32RELEASE\VC100.PDB
C:\USERS\ALEJANDRO\DESKTOP\VIRTUAL WORLD 2\FW\FRAMEWORK.LIB
C:\USERS\ALEJANDRO\DESKTOP\VIRTUAL WORLD 2\FW\WIN32RELEASE\FWAPPLICATION.OBJ
C:\USERS\ALEJANDRO\DESKTOP\VIRTUAL WORLD 2\FW\WIN32RELEASE\FWCAMERA.OBJ
C:\USERS\ALEJANDRO\DESKTOP\VIRTUAL WORLD 2\FW\WIN32RELEASE\FWDEBUGCONSOLE.OBJ
C:\USERS\ALEJANDRO\DESKTOP\VIRTUAL WORLD 2\FW\WIN32RELEASE\FWDEBUGFONT.OBJ
C:\USERS\ALEJANDRO\DESKTOP\VIRTUAL WORLD 2\FW\WIN32RELEASE\FWDEBUGFONTRENDERER.OBJ
C:\USERS\ALEJANDRO\DESKTOP\VIRTUAL WORLD 2\FW\WIN32RELEASE\FWDISPLAYINFO.OBJ
C:\USERS\ALEJANDRO\DESKTOP\VIRTUAL WORLD 2\FW\WIN32RELEASE\FWGLAPPLICATION.OBJ
C:\USERS\ALEJANDRO\DESKTOP\VIRTUAL WORLD 2\FW\WIN32RELEASE\FWGLCAMAPPLICATION.OBJ
C:\USERS\ALEJANDRO\DESKTOP\VIRTUAL WORLD 2\FW\WIN32RELEASE\FWGLCAMCONTROLAPPLICATION.OBJ
C:\USERS\ALEJANDRO\DESKTOP\VIRTUAL WORLD 2\FW\WIN32RELEASE\FWGLDEBUGFONTRENDERER.OBJ
C:\USERS\ALEJANDRO\DESKTOP\VIRTUAL WORLD 2\FW\WIN32RELEASE\FWGLEXTENSIONS.OBJ
C:\USERS\ALEJANDRO\DESKTOP\VIRTUAL WORLD 2\FW\WIN32RELEASE\FWGLGRID.OBJ
C:\USERS\ALEJANDRO\DESKTOP\VIRTUAL WORLD 2\FW\WIN32RELEASE\FWINPUT.OBJ
C:\USERS\ALEJANDRO\DESKTOP\VIRTUAL WORLD 2\FW\WIN32RELEASE\FWNULLAPPLICATION.OBJ
C:\USERS\ALEJANDRO\DESKTOP\VIRTUAL WORLD 2\FW\WIN32RELEASE\FWNULLDEBUGFONTRENDERER.OBJ
C:\USERS\ALEJANDRO\DESKTOP\VIRTUAL WORLD 2\FW\WIN32RELEASE\FWNULLWINDOW.OBJ
C:\USERS\ALEJANDRO\DESKTOP\VIRTUAL WORLD 2\FW\WIN32RELEASE\FWWIN32GLEXTENSIONS.OBJ
C:\USERS\ALEJANDRO\DESKTOP\VIRTUAL WORLD 2\FW\WIN32RELEASE\FWWIN32GLWINDOW.OBJ
C:\USERS\ALEJANDRO\DESKTOP\VIRTUAL WORLD 2\FW\WIN32RELEASE\FWWIN32INPUT.OBJ
C:\USERS\ALEJANDRO\DESKTOP\VIRTUAL WORLD 2\FW\WIN32RELEASE\FWWIN32MAIN.OBJ
C:\USERS\ALEJANDRO\DESKTOP\VIRTUAL WORLD 2\FW\WIN32RELEASE\FWWIN32TIME.OBJ
C:\USERS\ALEJANDRO\DESKTOP\VIRTUAL WORLD 2\FW\WIN32RELEASE\FWWINDOW.OBJ
C:\USERS\ALEJANDRO\DESKTOP\VIRTUAL WORLD 2\FW\WIN32RELEASE\VC100.PDB
